TN:
SF:src\application\tasks.ts
FN:5,showTasks
FN:10,findTask
FN:16,addTask
FN:21,deleteTask
FN:27,markAsComplete
FNF:5
FNH:5
FNDA:3,showTasks
FNDA:2,findTask
FNDA:1,addTask
FNDA:1,deleteTask
FNDA:1,markAsComplete
DA:1,1
DA:2,1
DA:3,1
DA:4,1
DA:5,1
DA:6,3
DA:7,3
DA:8,3
DA:9,1
DA:10,1
DA:11,2
DA:12,2
DA:13,2
DA:14,2
DA:15,1
DA:16,1
DA:17,1
DA:18,1
DA:19,1
DA:20,1
DA:21,1
DA:22,1
DA:23,1
DA:24,1
DA:25,1
DA:26,1
DA:27,1
DA:28,1
DA:29,1
DA:30,1
DA:31,1
DA:32,1
DA:33,1
DA:34,1
DA:35,1
DA:36,1
DA:37,1
DA:38,1
DA:39,1
LF:39
LH:39
BRDA:5,0,0,3
BRDA:10,1,0,2
BRDA:16,2,0,1
BRDA:21,3,0,1
BRDA:27,4,0,1
BRF:5
BRH:5
end_of_record
TN:
SF:src\domain\tasks.ts
FN:20,addTask
FN:36,writeData
FN:50,findTask
FN:56,deleteTask
FN:68,getTaskIndex
FN:77,markAsComplete
FN:89,getTaskList
FNF:7
FNH:7
FNDA:2,addTask
FNDA:5,writeData
FNDA:11,findTask
FNDA:2,deleteTask
FNDA:4,getTaskIndex
FNDA:2,markAsComplete
FNDA:3,getTaskList
DA:1,1
DA:2,1
DA:3,1
DA:4,1
DA:5,1
DA:6,1
DA:7,1
DA:8,1
DA:9,1
DA:10,1
DA:11,1
DA:12,1
DA:13,1
DA:14,1
DA:15,1
DA:16,1
DA:17,0
DA:18,0
DA:19,1
DA:20,2
DA:21,2
DA:22,2
DA:23,2
DA:24,2
DA:25,2
DA:26,2
DA:27,2
DA:28,2
DA:29,2
DA:30,2
DA:31,2
DA:32,2
DA:33,2
DA:34,2
DA:35,1
DA:36,5
DA:37,5
DA:38,5
DA:39,5
DA:40,5
DA:41,5
DA:42,5
DA:43,0
DA:44,0
DA:45,0
DA:46,5
DA:47,5
DA:48,5
DA:49,1
DA:50,11
DA:51,11
DA:52,11
DA:53,11
DA:54,11
DA:55,1
DA:56,2
DA:57,2
DA:58,2
DA:59,2
DA:60,1
DA:61,1
DA:62,1
DA:63,1
DA:64,1
DA:65,1
DA:66,1
DA:67,1
DA:68,4
DA:69,4
DA:70,4
DA:71,4
DA:72,3
DA:73,3
DA:74,1
DA:75,1
DA:76,1
DA:77,2
DA:78,2
DA:79,2
DA:80,2
DA:81,2
DA:82,2
DA:83,2
DA:84,2
DA:85,0
DA:86,0
DA:87,0
DA:88,1
DA:89,3
DA:90,3
DA:91,3
DA:92,1
DA:93,1
LF:93
LH:85
BRDA:16,0,0,0
BRDA:20,1,0,2
BRDA:23,2,0,41
BRDA:23,3,0,0
BRDA:36,4,0,5
BRDA:42,5,0,0
BRDA:50,6,0,11
BRDA:51,7,0,117
BRDA:56,8,0,2
BRDA:59,9,0,1
BRDA:68,10,0,4
BRDA:71,11,0,3
BRDA:74,12,0,1
BRDA:77,13,0,2
BRDA:85,14,0,0
BRDA:89,15,0,3
BRF:16
BRH:12
end_of_record
TN:
SF:src\infrastructure\middlewares\tasksMiddleware.ts
FN:3,noCache
FN:8,authCheck
FNF:2
FNH:2
FNDA:8,noCache
FNDA:8,authCheck
DA:1,1
DA:2,1
DA:3,1
DA:4,8
DA:5,8
DA:6,8
DA:7,1
DA:8,1
DA:9,8
DA:10,0
DA:11,0
DA:12,8
DA:13,8
DA:14,8
DA:15,1
LF:15
LH:13
BRDA:3,0,0,8
BRDA:8,1,0,8
BRDA:9,2,0,0
BRF:3
BRH:2
end_of_record
TN:
SF:src\infrastructure\routes\tasks.ts
FNF:0
FNH:0
DA:1,1
DA:2,1
DA:3,1
DA:4,1
DA:5,1
DA:6,1
DA:7,1
DA:8,1
DA:9,1
DA:10,1
DA:11,1
DA:12,1
DA:13,1
DA:14,1
DA:15,1
DA:16,1
DA:17,1
DA:18,1
DA:19,1
DA:20,1
DA:21,1
DA:22,1
DA:23,1
LF:23
LH:23
BRF:0
BRH:0
end_of_record
TN:
SF:src\infrastructure\server\App.ts
FNF:0
FNH:0
DA:1,1
DA:2,1
DA:3,1
DA:4,1
DA:5,1
DA:6,1
DA:7,1
DA:8,1
DA:9,1
DA:10,1
DA:11,1
DA:12,1
DA:13,1
DA:14,1
DA:15,1
DA:16,1
DA:17,1
DA:18,1
DA:19,1
DA:20,1
DA:21,1
DA:22,1
DA:23,1
DA:24,1
LF:24
LH:24
BRDA:8,0,0,0
BRDA:10,1,0,1
BRF:2
BRH:1
end_of_record
